<?xml version="1.0" encoding="UTF-8"?>
<!-- Generated by org.testng.reporters.JUnitXMLReporter -->
<testsuite hostname="Sarif-PC" ignored="0" name="Validating NavigationBar" tests="2" failures="0" timestamp="31 Dec 2019 03:40:16 GMT" time="18.528" errors="0">
  <testcase name="basePageNavigationBar" time="0.124" classname="codenbox.MavenProject.NavigationBarTest"/>
  <testcase name="dropDownSelect" time="4.182" classname="codenbox.MavenProject.NavigationBarTest"/>
</testsuite> <!-- Validating NavigationBar -->
