<?xml version="1.0" encoding="UTF-8"?>
<testng-results skipped="0" failed="0" ignored="0" total="4" passed="4">
  <reporter-output>
  </reporter-output>
  <suite name="Suite" duration-ms="48121" started-at="2019-12-31T03:33:18Z" finished-at="2019-12-31T03:34:06Z">
    <groups>
    </groups>
    <test name="Test" duration-ms="12328" started-at="2019-12-31T03:33:18Z" finished-at="2019-12-31T03:33:30Z">
      <class name="codenbox.MavenProject.ValidTitleTest">
        <test-method status="PASS" signature="basePageTitle()[pri:0, instance:codenbox.MavenProject.ValidTitleTest@3cbbc1e0]" name="basePageTitle" duration-ms="11577" started-at="2019-12-31T03:33:18Z" finished-at="2019-12-31T03:33:29Z">
          <reporter-output>
          </reporter-output>
        </test-method> <!-- basePageTitle -->
        <test-method status="PASS" signature="tearDown()[pri:0, instance:codenbox.MavenProject.ValidTitleTest@3cbbc1e0]" name="tearDown" is-config="true" duration-ms="716" started-at="2019-12-31T03:33:29Z" finished-at="2019-12-31T03:33:30Z">
          <reporter-output>
          </reporter-output>
        </test-method> <!-- tearDown -->
      </class> <!-- codenbox.MavenProject.ValidTitleTest -->
    </test> <!-- Test -->
    <test name="Validating NavigationBar" duration-ms="14271" started-at="2019-12-31T03:33:30Z" finished-at="2019-12-31T03:33:44Z">
      <class name="codenbox.MavenProject.NavigationBarTest">
        <test-method status="PASS" signature="initialize()[pri:0, instance:codenbox.MavenProject.NavigationBarTest@6574b225]" name="initialize" is-config="true" duration-ms="9332" started-at="2019-12-31T03:33:30Z" finished-at="2019-12-31T03:33:39Z">
          <reporter-output>
          </reporter-output>
        </test-method> <!-- initialize -->
        <test-method status="PASS" signature="basePageNavigationBar()[pri:0, instance:codenbox.MavenProject.NavigationBarTest@6574b225]" name="basePageNavigationBar" duration-ms="97" started-at="2019-12-31T03:33:40Z" finished-at="2019-12-31T03:33:40Z">
          <reporter-output>
          </reporter-output>
        </test-method> <!-- basePageNavigationBar -->
        <test-method status="PASS" signature="dropDownSelect()[pri:0, instance:codenbox.MavenProject.NavigationBarTest@6574b225]" name="dropDownSelect" duration-ms="4171" started-at="2019-12-31T03:33:40Z" finished-at="2019-12-31T03:33:44Z">
          <reporter-output>
          </reporter-output>
        </test-method> <!-- dropDownSelect -->
        <test-method status="PASS" signature="tearDown()[pri:0, instance:codenbox.MavenProject.NavigationBarTest@6574b225]" name="tearDown" is-config="true" duration-ms="669" started-at="2019-12-31T03:33:44Z" finished-at="2019-12-31T03:33:44Z">
          <reporter-output>
          </reporter-output>
        </test-method> <!-- tearDown -->
      </class> <!-- codenbox.MavenProject.NavigationBarTest -->
    </test> <!-- Validating NavigationBar -->
    <test name="Validating login" duration-ms="21169" started-at="2019-12-31T03:33:45Z" finished-at="2019-12-31T03:34:06Z">
      <class name="codenbox.MavenProject.LoginPageTest">
        <test-method status="PASS" signature="initialize()[pri:0, instance:codenbox.MavenProject.LoginPageTest@66d2e7d9]" name="initialize" is-config="true" duration-ms="13594" started-at="2019-12-31T03:33:45Z" finished-at="2019-12-31T03:33:58Z">
          <reporter-output>
          </reporter-output>
        </test-method> <!-- initialize -->
        <test-method status="PASS" signature="basePageNavigation(java.lang.String, java.lang.String)[pri:0, instance:codenbox.MavenProject.LoginPageTest@66d2e7d9]" name="basePageNavigation" duration-ms="7019" started-at="2019-12-31T03:33:58Z" data-provider="getData" finished-at="2019-12-31T03:34:05Z">
          <params>
            <param index="0">
              <value>
                <![CDATA[test@test.com]]>
              </value>
            </param>
            <param index="1">
              <value>
                <![CDATA[123456]]>
              </value>
            </param>
          </params>
          <reporter-output>
          </reporter-output>
        </test-method> <!-- basePageNavigation -->
        <test-method status="PASS" signature="tearDown()[pri:0, instance:codenbox.MavenProject.LoginPageTest@66d2e7d9]" name="tearDown" is-config="true" duration-ms="548" started-at="2019-12-31T03:34:05Z" finished-at="2019-12-31T03:34:06Z">
          <reporter-output>
          </reporter-output>
        </test-method> <!-- tearDown -->
      </class> <!-- codenbox.MavenProject.LoginPageTest -->
    </test> <!-- Validating login -->
  </suite> <!-- Suite -->
</testng-results>
